<?xml version="1.0" encoding="UTF-8"?>
<!-- Generated by org.testng.reporters.JUnitReportReporter -->
<testsuite hostname="DESKTOP-7V04JF6" failures="0" tests="1" name="com.crm.TestNg.PractiesTest" time="0.014" errors="0" timestamp="2022-07-18T13:37:19 IST" skipped="0">
  <testcase classname="com.crm.TestNg.PractiesTest" name="Test" time="0.014"/>
  <system-out/>
</testsuite> <!-- com.crm.TestNg.PractiesTest -->
